<?xml version="1.0" encoding="UTF-8"?>
<!-- Generated by org.testng.reporters.JUnitReportReporter -->
<testsuite hostname="IGTD81C8S2" failures="0" tests="1" name="com.herokuapp.theinternet.PositiveTests" time="8.627" errors="0" timestamp="2023-05-02T11:15:24 EDT" skipped="0">
  <testcase classname="com.herokuapp.theinternet.PositiveTests" name="loginTest" time="8.627"/>
  <system-out/>
</testsuite> <!-- com.herokuapp.theinternet.PositiveTests -->
